<?xml version="1.0" encoding="UTF-8"?>
<!-- Generated by org.testng.reporters.JUnitReportReporter -->
<testsuite hostname="HarithaPC" name="com.identity.etoe.tests.FileInfoTest" tests="1" failures="0" timestamp="15 May 2018 01:05:12 GMT" time="0.337" errors="0">
  <testcase name="fileInfoTest" time="0.337" classname="com.identity.etoe.tests.FileInfoTest"/>
</testsuite> <!-- com.identity.etoe.tests.FileInfoTest -->
