<?xml version="1.0" encoding="UTF-8"?>
<!-- Generated by org.testng.reporters.JUnitReportReporter -->
<testsuite hostname="HarithaPC" name="com.identity.etoe.tests.VehicleRegDetailsTest" tests="5" failures="0" timestamp="15 May 2018 01:05:12 GMT" time="43.688" errors="0">
  <testcase name="vehicleRegDetailsTest" time="8.094" classname="com.identity.etoe.tests.VehicleRegDetailsTest"/>
  <testcase name="vehicleRegDetailsTest" time="9.581" classname="com.identity.etoe.tests.VehicleRegDetailsTest"/>
  <testcase name="vehicleRegDetailsTest" time="7.702" classname="com.identity.etoe.tests.VehicleRegDetailsTest"/>
  <testcase name="vehicleRegDetailsTest" time="9.299" classname="com.identity.etoe.tests.VehicleRegDetailsTest"/>
  <testcase name="vehicleRegDetailsTest" time="9.012" classname="com.identity.etoe.tests.VehicleRegDetailsTest"/>
</testsuite> <!-- com.identity.etoe.tests.VehicleRegDetailsTest -->
